<?xml version="1.0" encoding="UTF-8"?>
<!-- Generated by org.testng.reporters.JUnitReportReporter -->
<testsuite skipped="0" hostname="SandeepSan-PC" name="sample.SampleTest" tests="1" failures="0" timestamp="27 Oct 2018 11:06:19 GMT" time="13.289" errors="0">
  <testcase name="urlTest" time="13.289" classname="sample.SampleTest"/>
</testsuite> <!-- sample.SampleTest -->
